<?xml version="1.0" encoding="UTF-8"?>
<testng-results ignored="0" total="8" passed="5" failed="3" skipped="0">
  <reporter-output>
  </reporter-output>
  <suite started-at="2025-10-17T15:45:38 IST" name="TimeAndFees Automation Suite" finished-at="2025-10-17T15:48:52 IST" duration-ms="193548">
    <groups>
      <group name="cucumber">
        <method signature="AbstractTestNGCucumberTests.runScenario(io.cucumber.testng.PickleWrapper,io.cucumber.testng.FeatureWrapper)[pri:0, instance:com.TimeAndFees.RunnerFiles.TimeAndFees_AccountMenu_Runner@37883b97]" name="runScenario" class="io.cucumber.testng.AbstractTestNGCucumberTests"/>
        <method signature="AbstractTestNGCucumberTests.runScenario(io.cucumber.testng.PickleWrapper,io.cucumber.testng.FeatureWrapper)[pri:0, instance:com.TimeAndFees.RunnerFiles.TimeAndFees_Manage_Runner@58ea606c]" name="runScenario" class="io.cucumber.testng.AbstractTestNGCucumberTests"/>
        <method signature="AbstractTestNGCucumberTests.runScenario(io.cucumber.testng.PickleWrapper,io.cucumber.testng.FeatureWrapper)[pri:0, instance:com.TimeAndFees.RunnerFiles.TimeAndFees_Time_Runner@6f45df59]" name="runScenario" class="io.cucumber.testng.AbstractTestNGCucumberTests"/>
      </group> <!-- cucumber -->
    </groups>
    <test started-at="2025-10-17T15:45:38 IST" name="TimeAndFees Functional Tests" finished-at="2025-10-17T15:48:52 IST" duration-ms="193548">
      <class name="com.TimeAndFees.RunnerFiles.TimeAndFees_Manage_Runner">
        <test-method is-config="true" signature="setUpClass(org.testng.ITestContext)[pri:0, instance:com.TimeAndFees.RunnerFiles.TimeAndFees_Manage_Runner@58ea606c]" started-at="2025-10-17T15:45:38 IST" name="setUpClass" finished-at="2025-10-17T15:45:40 IST" duration-ms="1741" status="PASS">
          <params>
            <param index="0">
              <value>
                <![CDATA[org.testng.TestRunner@21282ed8]]>
              </value>
            </param>
          </params>
          <reporter-output>
          </reporter-output>
        </test-method> <!-- setUpClass -->
        <test-method signature="runScenario(io.cucumber.testng.PickleWrapper,io.cucumber.testng.FeatureWrapper)[pri:0, instance:com.TimeAndFees.RunnerFiles.TimeAndFees_Manage_Runner@58ea606c]" started-at="2025-10-17T15:45:40 IST" name="runScenario" description="Runs Cucumber Scenarios" data-provider="scenarios" finished-at="2025-10-17T15:46:14 IST" duration-ms="33428" status="FAIL">
          <params>
            <param index="0">
              <value>
                <![CDATA["Manage validateion"]]>
              </value>
            </param>
            <param index="1">
              <value>
                <![CDATA["Manage"]]>
              </value>
            </param>
          </params>
          <exception class="java.io.FileNotFoundException">
            <message>
              <![CDATA[D:\TimeandFees_5.0\src\test\resources\invoice_data_template.xlsx (The system cannot find the path specified)]]>
            </message>
            <full-stacktrace>
              <![CDATA[java.io.FileNotFoundException: D:\TimeandFees_5.0\src\test\resources\invoice_data_template.xlsx (The system cannot find the path specified)
at java.base/java.io.FileInputStream.open0(Native Method)
at java.base/java.io.FileInputStream.open(FileInputStream.java:213)
at java.base/java.io.FileInputStream.<init>(FileInputStream.java:152)
at java.base/java.io.FileInputStream.<init>(FileInputStream.java:106)
at com.TimeAndFees.Actions.ManageAction.ClientCreation(ManageAction.java:83)
at com.TimeAndFees.Stepdefinations.ManageStepDef.client_create_in_time_and_fees(ManageStepDef.java:43)
at ✽.client Create in Time and Fees(file:///C:/Users/satishkumar.silphoz/Documents/2024Automation/Master/TimeAndFees/src/test/resources/TimeAndFees_FeatuteFiles/MangaeFeature.feature:16)
]]>
            </full-stacktrace>
          </exception> <!-- java.io.FileNotFoundException -->
          <reporter-output>
          </reporter-output>
        </test-method> <!-- runScenario -->
        <test-method signature="runScenario(io.cucumber.testng.PickleWrapper,io.cucumber.testng.FeatureWrapper)[pri:0, instance:com.TimeAndFees.RunnerFiles.TimeAndFees_Manage_Runner@58ea606c]" started-at="2025-10-17T15:46:14 IST" name="runScenario" description="Runs Cucumber Scenarios" data-provider="scenarios" finished-at="2025-10-17T15:46:46 IST" duration-ms="32177" status="PASS">
          <params>
            <param index="0">
              <value>
                <![CDATA["Edit client"]]>
              </value>
            </param>
            <param index="1">
              <value>
                <![CDATA["Manage"]]>
              </value>
            </param>
          </params>
          <reporter-output>
          </reporter-output>
        </test-method> <!-- runScenario -->
        <test-method signature="runScenario(io.cucumber.testng.PickleWrapper,io.cucumber.testng.FeatureWrapper)[pri:0, instance:com.TimeAndFees.RunnerFiles.TimeAndFees_Manage_Runner@58ea606c]" started-at="2025-10-17T15:46:46 IST" name="runScenario" description="Runs Cucumber Scenarios" data-provider="scenarios" finished-at="2025-10-17T15:47:21 IST" duration-ms="35411" status="PASS">
          <params>
            <param index="0">
              <value>
                <![CDATA["grid action"]]>
              </value>
            </param>
            <param index="1">
              <value>
                <![CDATA["Manage"]]>
              </value>
            </param>
          </params>
          <reporter-output>
          </reporter-output>
        </test-method> <!-- runScenario -->
        <test-method is-config="true" signature="tearDownClass()[pri:0, instance:com.TimeAndFees.RunnerFiles.TimeAndFees_Manage_Runner@58ea606c]" started-at="2025-10-17T15:47:21 IST" name="tearDownClass" finished-at="2025-10-17T15:47:22 IST" duration-ms="872" status="PASS">
          <reporter-output>
          </reporter-output>
        </test-method> <!-- tearDownClass -->
      </class> <!-- com.TimeAndFees.RunnerFiles.TimeAndFees_Manage_Runner -->
      <class name="com.TimeAndFees.RunnerFiles.TimeAndFees_Time_Runner">
        <test-method is-config="true" signature="setUpClass(org.testng.ITestContext)[pri:0, instance:com.TimeAndFees.RunnerFiles.TimeAndFees_Time_Runner@6f45df59]" started-at="2025-10-17T15:45:38 IST" name="setUpClass" finished-at="2025-10-17T15:45:40 IST" duration-ms="1741" status="PASS">
          <params>
            <param index="0">
              <value>
                <![CDATA[org.testng.TestRunner@21282ed8]]>
              </value>
            </param>
          </params>
          <reporter-output>
          </reporter-output>
        </test-method> <!-- setUpClass -->
        <test-method signature="runScenario(io.cucumber.testng.PickleWrapper,io.cucumber.testng.FeatureWrapper)[pri:0, instance:com.TimeAndFees.RunnerFiles.TimeAndFees_Time_Runner@6f45df59]" started-at="2025-10-17T15:45:40 IST" name="runScenario" description="Runs Cucumber Scenarios" data-provider="scenarios" finished-at="2025-10-17T15:46:33 IST" duration-ms="52977" status="FAIL">
          <params>
            <param index="0">
              <value>
                <![CDATA["Creation of time and verify"]]>
              </value>
            </param>
            <param index="1">
              <value>
                <![CDATA["TimeandFees time tab"]]>
              </value>
            </param>
          </params>
          <exception class="java.lang.AssertionError">
            <message>
              <![CDATA[Exception during time verification: Expected condition failed: waiting for presence of element located by: By.xpath: //tr[contains(.,'Enterprise design - SUB 1')] (tried for 10 second(s) with 500 milliseconds interval)]]>
            </message>
            <full-stacktrace>
              <![CDATA[java.lang.AssertionError: Exception during time verification: Expected condition failed: waiting for presence of element located by: By.xpath: //tr[contains(.,'Enterprise design - SUB 1')] (tried for 10 second(s) with 500 milliseconds interval)
at org.testng.Assert.fail(Assert.java:111)
at com.TimeAndFees.Actions.TimeActions.verify_time_is_created_or_not(TimeActions.java:157)
at com.TimeAndFees.Stepdefinations.TimeStepDef.verify_time_is_created_or_not(TimeStepDef.java:65)
at ✽.verify time is created or not(file:///C:/Users/satishkumar.silphoz/Documents/2024Automation/Master/TimeAndFees/src/test/resources/TimeAndFees_FeatuteFiles/TimeFeature.feature:16)
]]>
            </full-stacktrace>
          </exception> <!-- java.lang.AssertionError -->
          <reporter-output>
          </reporter-output>
        </test-method> <!-- runScenario -->
        <test-method signature="runScenario(io.cucumber.testng.PickleWrapper,io.cucumber.testng.FeatureWrapper)[pri:0, instance:com.TimeAndFees.RunnerFiles.TimeAndFees_Time_Runner@6f45df59]" started-at="2025-10-17T15:46:33 IST" name="runScenario" description="Runs Cucumber Scenarios" data-provider="scenarios" finished-at="2025-10-17T15:47:10 IST" duration-ms="36749" status="FAIL">
          <params>
            <param index="0">
              <value>
                <![CDATA["Validate user dropdown and verify"]]>
              </value>
            </param>
            <param index="1">
              <value>
                <![CDATA["TimeandFees time tab"]]>
              </value>
            </param>
          </params>
          <exception class="org.openqa.selenium.TimeoutException">
            <message>
              <![CDATA[Expected condition failed: waiting for element to be clickable: Proxy element for: DefaultElementLocator 'By.xpath: //span[contains(@class, 'ng-value-label') and normalize-space(text())='Parekh Pratham']/ancestor::ng-select' (tried for 10 second(s) with 500 milliseconds interval)]]>
            </message>
            <full-stacktrace>
              <![CDATA[org.openqa.selenium.TimeoutException: Expected condition failed: waiting for element to be clickable: Proxy element for: DefaultElementLocator 'By.xpath: //span[contains(@class, 'ng-value-label') and normalize-space(text())='Parekh Pratham']/ancestor::ng-select' (tried for 10 second(s) with 500 milliseconds interval)
at org.openqa.selenium.support.ui.WebDriverWait.timeoutException(WebDriverWait.java:84)
at org.openqa.selenium.support.ui.FluentWait.until(FluentWait.java:228)
at com.TimeAndFees.Actions.TimeActions.click_on_user_dropdown(TimeActions.java:165)
at com.TimeAndFees.Stepdefinations.TimeStepDef.click_on_user_dropdown(TimeStepDef.java:72)
at ✽.click on user dropdown(file:///C:/Users/satishkumar.silphoz/Documents/2024Automation/Master/TimeAndFees/src/test/resources/TimeAndFees_FeatuteFiles/TimeFeature.feature:25)
Caused by: org.openqa.selenium.NoSuchElementException: no such element: Unable to locate element: {"method":"xpath","selector":"//span[contains(@class, 'ng-value-label') and normalize-space(text())='Parekh Pratham']/ancestor::ng-select"}
  (Session info: chrome=141.0.7390.78)
For documentation on this error, please visit: https://www.selenium.dev/documentation/webdriver/troubleshooting/errors#no-such-element-exception
Build info: version: '4.23.0', revision: '4df0a231af'
System info: os.name: 'Windows Server 2019', os.arch: 'amd64', os.version: '10.0', java.version: '21.0.8'
Driver info: org.openqa.selenium.chrome.ChromeDriver
Command: [edf0bc86ccbd66e2ed917f9b3ad5619b, findElement {using=xpath, value=//span[contains(@class, 'ng-value-label') and normalize-space(text())='Parekh Pratham']/ancestor::ng-select}]
Capabilities {acceptInsecureCerts: false, browserName: chrome, browserVersion: 141.0.7390.78, chrome: {chromedriverVersion: 140.0.7339.185 (eeea00e459e..., userDataDir: C:\Users\LOCAL_~1.SIL\Temp\...}, fedcm:accounts: true, goog:chromeOptions: {debuggerAddress: localhost:60173}, networkConnectionEnabled: false, pageLoadStrategy: normal, platformName: windows, proxy: Proxy(), se:cdp: ws://localhost:60173/devtoo..., se:cdpVersion: 141.0.7390.78, setWindowRect: true, strictFileInteractability: false, timeouts: {implicit: 0, pageLoad: 300000, script: 30000}, unhandledPromptBehavior: dismiss and notify, webauthn:extension:credBlob: true, webauthn:extension:largeBlob: true, webauthn:extension:minPinLength: true, webauthn:extension:prf: true, webauthn:virtualAuthenticators: true}
Session ID: edf0bc86ccbd66e2ed917f9b3ad5619b
at java.base/jdk.internal.reflect.DirectConstructorHandleAccessor.newInstance(DirectConstructorHandleAccessor.java:62)
at java.base/java.lang.reflect.Constructor.newInstanceWithCaller(Constructor.java:502)
at java.base/java.lang.reflect.Constructor.newInstance(Constructor.java:486)
at org.openqa.selenium.remote.ErrorCodec.decode(ErrorCodec.java:167)
at org.openqa.selenium.remote.codec.w3c.W3CHttpResponseCodec.decode(W3CHttpResponseCodec.java:138)
at org.openqa.selenium.remote.codec.w3c.W3CHttpResponseCodec.decode(W3CHttpResponseCodec.java:50)
at org.openqa.selenium.remote.HttpCommandExecutor.execute(HttpCommandExecutor.java:190)
at org.openqa.selenium.remote.service.DriverCommandExecutor.invokeExecute(DriverCommandExecutor.java:216)
at org.openqa.selenium.remote.service.DriverCommandExecutor.execute(DriverCommandExecutor.java:174)
at org.openqa.selenium.remote.RemoteWebDriver.execute(RemoteWebDriver.java:527)
at org.openqa.selenium.remote.ElementLocation$ElementFinder$2.findElement(ElementLocation.java:165)
at org.openqa.selenium.remote.ElementLocation.findElement(ElementLocation.java:59)
at org.openqa.selenium.remote.RemoteWebDriver.findElement(RemoteWebDriver.java:357)
at org.openqa.selenium.remote.RemoteWebDriver.findElement(RemoteWebDriver.java:351)
at org.openqa.selenium.support.pagefactory.DefaultElementLocator.findElement(DefaultElementLocator.java:68)
at org.openqa.selenium.support.pagefactory.internal.LocatingElementHandler.invoke(LocatingElementHandler.java:38)
at jdk.proxy2/jdk.proxy2.$Proxy35.isDisplayed(Unknown Source)
at org.openqa.selenium.support.ui.ExpectedConditions.elementIfVisible(ExpectedConditions.java:304)
at org.openqa.selenium.support.ui.ExpectedConditions$10.apply(ExpectedConditions.java:290)
at org.openqa.selenium.support.ui.ExpectedConditions$10.apply(ExpectedConditions.java:287)
at org.openqa.selenium.support.ui.ExpectedConditions$23.apply(ExpectedConditions.java:656)
at org.openqa.selenium.support.ui.ExpectedConditions$23.apply(ExpectedConditions.java:652)
at org.openqa.selenium.support.ui.FluentWait.until(FluentWait.java:203)
at com.TimeAndFees.Actions.TimeActions.click_on_user_dropdown(TimeActions.java:165)
at com.TimeAndFees.Stepdefinations.TimeStepDef.click_on_user_dropdown(TimeStepDef.java:72)
at java.base/jdk.internal.reflect.DirectMethodHandleAccessor.invoke(DirectMethodHandleAccessor.java:103)
at java.base/java.lang.reflect.Method.invoke(Method.java:580)
at io.cucumber.java.Invoker.doInvoke(Invoker.java:66)
at io.cucumber.java.Invoker.invoke(Invoker.java:24)
at io.cucumber.java.AbstractGlueDefinition.invokeMethod(AbstractGlueDefinition.java:47)
at io.cucumber.java.JavaStepDefinition.execute(JavaStepDefinition.java:29)
at io.cucumber.core.runner.CoreStepDefinition.execute(CoreStepDefinition.java:66)
at io.cucumber.core.runner.PickleStepDefinitionMatch.runStep(PickleStepDefinitionMatch.java:63)
at io.cucumber.core.runner.ExecutionMode$1.execute(ExecutionMode.java:10)
at io.cucumber.core.runner.TestStep.executeStep(TestStep.java:81)
at io.cucumber.core.runner.TestStep.run(TestStep.java:53)
at io.cucumber.core.runner.PickleStepTestStep.run(PickleStepTestStep.java:51)
at io.cucumber.core.runner.TestCase.run(TestCase.java:84)
at io.cucumber.core.runner.Runner.runPickle(Runner.java:75)
at io.cucumber.testng.TestNGCucumberRunner.lambda$runScenario$1(TestNGCucumberRunner.java:132)
at io.cucumber.core.runtime.CucumberExecutionContext.lambda$runTestCase$5(CucumberExecutionContext.java:136)
at io.cucumber.core.runtime.RethrowingThrowableCollector.executeAndThrow(RethrowingThrowableCollector.java:23)
at io.cucumber.core.runtime.CucumberExecutionContext.runTestCase(CucumberExecutionContext.java:136)
at io.cucumber.testng.TestNGCucumberRunner.runScenario(TestNGCucumberRunner.java:129)
at io.cucumber.testng.AbstractTestNGCucumberTests.runScenario(AbstractTestNGCucumberTests.java:35)
at java.base/jdk.internal.reflect.DirectMethodHandleAccessor.invoke(DirectMethodHandleAccessor.java:103)
at java.base/java.lang.reflect.Method.invoke(Method.java:580)
at org.testng.internal.invokers.MethodInvocationHelper.invokeMethod(MethodInvocationHelper.java:141)
at org.testng.internal.invokers.TestInvoker.invokeMethod(TestInvoker.java:686)
at org.testng.internal.invokers.TestInvoker.invokeTestMethod(TestInvoker.java:230)
at org.testng.internal.invokers.MethodRunner.runInSequence(MethodRunner.java:63)
at org.testng.internal.invokers.TestInvoker$MethodInvocationAgent.invoke(TestInvoker.java:992)
at org.testng.internal.invokers.TestInvoker.invokeTestMethods(TestInvoker.java:203)
at org.testng.internal.invokers.TestMethodWorker.invokeTestMethods(TestMethodWorker.java:154)
at org.testng.internal.invokers.TestMethodWorker.run(TestMethodWorker.java:134)
at java.base/java.util.concurrent.Executors$RunnableAdapter.call(Executors.java:572)
at java.base/java.util.concurrent.FutureTask.run(FutureTask.java:317)
at org.testng.internal.thread.graph.TestNGFutureTask.run(TestNGFutureTask.java:22)
at java.base/java.util.concurrent.ThreadPoolExecutor.runWorker(ThreadPoolExecutor.java:1144)
at java.base/java.util.concurrent.ThreadPoolExecutor$Worker.run(ThreadPoolExecutor.java:642)
at java.base/java.lang.Thread.run(Thread.java:1583)
]]>
            </full-stacktrace>
          </exception> <!-- org.openqa.selenium.TimeoutException -->
          <reporter-output>
          </reporter-output>
        </test-method> <!-- runScenario -->
        <test-method is-config="true" signature="tearDownClass()[pri:0, instance:com.TimeAndFees.RunnerFiles.TimeAndFees_Time_Runner@6f45df59]" started-at="2025-10-17T15:47:10 IST" name="tearDownClass" finished-at="2025-10-17T15:47:11 IST" duration-ms="1054" status="PASS">
          <reporter-output>
          </reporter-output>
        </test-method> <!-- tearDownClass -->
      </class> <!-- com.TimeAndFees.RunnerFiles.TimeAndFees_Time_Runner -->
      <class name="com.TimeAndFees.RunnerFiles.TimeAndFees_AccountMenu_Runner">
        <test-method is-config="true" signature="setUpClass(org.testng.ITestContext)[pri:0, instance:com.TimeAndFees.RunnerFiles.TimeAndFees_AccountMenu_Runner@37883b97]" started-at="2025-10-17T15:45:38 IST" name="setUpClass" finished-at="2025-10-17T15:45:40 IST" duration-ms="1745" status="PASS">
          <params>
            <param index="0">
              <value>
                <![CDATA[org.testng.TestRunner@21282ed8]]>
              </value>
            </param>
          </params>
          <reporter-output>
          </reporter-output>
        </test-method> <!-- setUpClass -->
        <test-method signature="runScenario(io.cucumber.testng.PickleWrapper,io.cucumber.testng.FeatureWrapper)[pri:0, instance:com.TimeAndFees.RunnerFiles.TimeAndFees_AccountMenu_Runner@37883b97]" started-at="2025-10-17T15:45:40 IST" name="runScenario" description="Runs Cucumber Scenarios" data-provider="scenarios" finished-at="2025-10-17T15:46:22 IST" duration-ms="41536" status="PASS">
          <params>
            <param index="0">
              <value>
                <![CDATA["Validate history panel in activity"]]>
              </value>
            </param>
            <param index="1">
              <value>
                <![CDATA["TimeandFees Account menu section"]]>
              </value>
            </param>
          </params>
          <reporter-output>
          </reporter-output>
        </test-method> <!-- runScenario -->
        <test-method signature="runScenario(io.cucumber.testng.PickleWrapper,io.cucumber.testng.FeatureWrapper)[pri:0, instance:com.TimeAndFees.RunnerFiles.TimeAndFees_AccountMenu_Runner@37883b97]" started-at="2025-10-17T15:46:22 IST" name="runScenario" description="Runs Cucumber Scenarios" data-provider="scenarios" finished-at="2025-10-17T15:47:23 IST" duration-ms="61319" status="PASS">
          <params>
            <param index="0">
              <value>
                <![CDATA["validating serach functionality in activity page"]]>
              </value>
            </param>
            <param index="1">
              <value>
                <![CDATA["TimeandFees Account menu section"]]>
              </value>
            </param>
          </params>
          <reporter-output>
          </reporter-output>
        </test-method> <!-- runScenario -->
        <test-method signature="runScenario(io.cucumber.testng.PickleWrapper,io.cucumber.testng.FeatureWrapper)[pri:0, instance:com.TimeAndFees.RunnerFiles.TimeAndFees_AccountMenu_Runner@37883b97]" started-at="2025-10-17T15:47:23 IST" name="runScenario" description="Runs Cucumber Scenarios" data-provider="scenarios" finished-at="2025-10-17T15:48:51 IST" duration-ms="87808" status="PASS">
          <params>
            <param index="0">
              <value>
                <![CDATA["validating all dropdown functionality in activity page"]]>
              </value>
            </param>
            <param index="1">
              <value>
                <![CDATA["TimeandFees Account menu section"]]>
              </value>
            </param>
          </params>
          <reporter-output>
          </reporter-output>
        </test-method> <!-- runScenario -->
        <test-method is-config="true" signature="tearDownClass()[pri:0, instance:com.TimeAndFees.RunnerFiles.TimeAndFees_AccountMenu_Runner@37883b97]" started-at="2025-10-17T15:48:51 IST" name="tearDownClass" finished-at="2025-10-17T15:48:52 IST" duration-ms="1082" status="PASS">
          <reporter-output>
          </reporter-output>
        </test-method> <!-- tearDownClass -->
      </class> <!-- com.TimeAndFees.RunnerFiles.TimeAndFees_AccountMenu_Runner -->
    </test> <!-- TimeAndFees Functional Tests -->
  </suite> <!-- TimeAndFees Automation Suite -->
</testng-results>
