<?xml version="1.0" encoding="UTF-8"?>
<!-- Generated by org.testng.reporters.JUnitReportReporter -->
<testsuite hostname="vmautoqa-0" failures="0" tests="3" name="com.TimeAndFees.RunnerFiles.TimeAndFees_Manage_Runner" time="101.016" errors="1" timestamp="2025-10-17T15:48:52 IST" skipped="0">
  <testcase classname="com.TimeAndFees.RunnerFiles.TimeAndFees_Manage_Runner" name="runScenario" time="32.177"/>
  <testcase classname="com.TimeAndFees.RunnerFiles.TimeAndFees_Manage_Runner" name="runScenario" time="35.411"/>
  <testcase classname="com.TimeAndFees.RunnerFiles.TimeAndFees_Manage_Runner" name="runScenario" time="33.428">
    <error message="D:\TimeandFees_5.0\src\test\resources\invoice_data_template.xlsx (The system cannot find the path specified)" type="java.io.FileNotFoundException">
      <![CDATA[java.io.FileNotFoundException: D:\TimeandFees_5.0\src\test\resources\invoice_data_template.xlsx (The system cannot find the path specified)
at java.base/java.io.FileInputStream.open0(Native Method)
at java.base/java.io.FileInputStream.open(FileInputStream.java:213)
at java.base/java.io.FileInputStream.<init>(FileInputStream.java:152)
at java.base/java.io.FileInputStream.<init>(FileInputStream.java:106)
at com.TimeAndFees.Actions.ManageAction.ClientCreation(ManageAction.java:83)
at com.TimeAndFees.Stepdefinations.ManageStepDef.client_create_in_time_and_fees(ManageStepDef.java:43)
at ✽.client Create in Time and Fees(file:///C:/Users/satishkumar.silphoz/Documents/2024Automation/Master/TimeAndFees/src/test/resources/TimeAndFees_FeatuteFiles/MangaeFeature.feature:16)
]]>
    </error>
  </testcase> <!-- runScenario -->
</testsuite> <!-- com.TimeAndFees.RunnerFiles.TimeAndFees_Manage_Runner -->
